#
# There is insufficient memory for the Java Runtime Environment to continue.
# Native memory allocation (malloc) failed to allocate 32744 bytes for ChunkPool::allocate
# Possible reasons:
#   The system is out of physical RAM or swap space
#   The process is running with CompressedOops enabled, and the Java Heap may be blocking the growth of the native heap
# Possible solutions:
#   Reduce memory load on the system
#   Increase physical memory or swap space
#   Check if swap backing store is full
#   Decrease Java heap size (-Xmx/-Xms)
#   Decrease number of Java threads
#   Decrease Java thread stack sizes (-Xss)
#   Set larger code cache with -XX:ReservedCodeCacheSize=
#   JVM is running with Unscaled Compressed Oops mode in which the Java heap is
#     placed in the first 4GB address space. The Java Heap base address is the
#     maximum limit for the native heap growth. Please use -XX:HeapBaseMinAddress
#     to set the Java Heap base and to place the Java Heap above 4GB virtual address.
# This output file may be truncated or incomplete.
#
#  Out of Memory Error (allocation.cpp:272), pid=3312, tid=0x00000000000092f0
#
# JRE version: Java(TM) SE Runtime Environment (8.0_202-b08) (build 1.8.0_202-b08)
# Java VM: Java HotSpot(TM) 64-Bit Server VM (25.202-b08 mixed mode windows-amd64 compressed oops)
# Failed to write core dump. Minidumps are not enabled by default on client versions of Windows
#

---------------  T H R E A D  ---------------

Current thread (0x0000000017154800):  JavaThread "C1 CompilerThread3" daemon [_thread_in_native, id=37616, stack(0x0000000017c10000,0x0000000017d10000)]

Stack: [0x0000000017c10000,0x0000000017d10000]
[error occurred during error reporting (printing stack bounds), id 0xc0000005]

Native frames: (J=compiled Java code, j=interpreted, Vv=VM code, C=native code)


Current CompileTask:
C1:  34521 3849       3      
[error occurred during error reporting (printing current compile task), id 0xe0000001]


---------------  P R O C E S S  ---------------

Java Threads: ( => current thread )
  0x000000001949f000 JavaThread "Forward streams with process: command 'D:/program files/Java/java-1.8/bin/java.exe' Thread 3" [_thread_in_native, id=23800, stack(0x00000000235e0000,0x00000000236e0000)]
  0x000000001949d000 JavaThread "Forward streams with process: command 'D:/program files/Java/java-1.8/bin/java.exe' Thread 2" [_thread_in_native, id=18228, stack(0x00000000234e0000,0x00000000235e0000)]
  0x000000001888c000 JavaThread "Forward streams with process: command 'D:/program files/Java/java-1.8/bin/java.exe'" [_thread_blocked, id=33548, stack(0x00000000233e0000,0x00000000234e0000)]
  0x000000001888b000 JavaThread "DisconnectableInputStream source reader" daemon [_thread_blocked, id=31624, stack(0x0000000022bc0000,0x0000000022cc0000)]
  0x000000001888a800 JavaThread "Run command 'D:/program files/Java/java-1.8/bin/java.exe'" [_thread_in_native, id=27440, stack(0x0000000022ac0000,0x0000000022bc0000)]
  0x0000000018888000 JavaThread "build operations Thread 8" [_thread_blocked, id=15420, stack(0x00000000227c0000,0x00000000228c0000)]
  0x0000000018887800 JavaThread "build operations Thread 7" [_thread_blocked, id=31448, stack(0x00000000232e0000,0x00000000233e0000)]
  0x0000000018880000 JavaThread "build operations Thread 6" [_thread_blocked, id=20972, stack(0x00000000231e0000,0x00000000232e0000)]
  0x0000000018883800 JavaThread "build operations Thread 5" [_thread_blocked, id=23112, stack(0x00000000230e0000,0x00000000231e0000)]
  0x0000000018880800 JavaThread "build operations Thread 4" [_thread_blocked, id=15656, stack(0x0000000022fe0000,0x00000000230e0000)]
  0x0000000018883000 JavaThread "build operations Thread 3" [_thread_blocked, id=24412, stack(0x0000000022ee0000,0x0000000022fe0000)]
  0x0000000018886800 JavaThread "build operations Thread 2" [_thread_blocked, id=37940, stack(0x0000000022de0000,0x0000000022ee0000)]
  0x0000000018882000 JavaThread "build operations" [_thread_blocked, id=33316, stack(0x0000000022ce0000,0x0000000022de0000)]
  0x000000001887f000 JavaThread "Task worker Thread 7" [_thread_blocked, id=21252, stack(0x00000000226c0000,0x00000000227c0000)]
  0x0000000018881800 JavaThread "Task worker Thread 6" [_thread_blocked, id=9012, stack(0x00000000225c0000,0x00000000226c0000)]
  0x0000000018886000 JavaThread "Task worker Thread 5" [_thread_blocked, id=35800, stack(0x00000000224c0000,0x00000000225c0000)]
  0x000000001887e800 JavaThread "Task worker Thread 4" [_thread_blocked, id=12284, stack(0x00000000223c0000,0x00000000224c0000)]
  0x0000000018884800 JavaThread "Task worker Thread 3" [_thread_blocked, id=29604, stack(0x00000000222c0000,0x00000000223c0000)]
  0x0000000018885000 JavaThread "Task worker Thread 2" [_thread_blocked, id=30196, stack(0x00000000221c0000,0x00000000222c0000)]
  0x000000001887d000 JavaThread "Task worker" [_thread_blocked, id=32552, stack(0x0000000021080000,0x0000000021180000)]
  0x000000001887d800 JavaThread "Cache worker for task history cache (D:\tools\GFD\Graphflow-optimizer\.gradle\4.0.1\taskHistory)" [_thread_blocked, id=13636, stack(0x000000001f670000,0x000000001f770000)]
  0x0000000017151000 JavaThread "Cache worker for file content cache (D:\tools\GFD\Graphflow-optimizer\.gradle\4.0.1\fileContent)" [_thread_blocked, id=40824, stack(0x000000001f2d0000,0x000000001f3d0000)]
  0x0000000017155800 JavaThread "Cache worker for Artifact transforms cache (D:\program files\gradle-6.7\bin\caches\transforms-1)" [_thread_blocked, id=33608, stack(0x000000001cd70000,0x000000001ce70000)]
  0x0000000017154000 JavaThread "Memory manager" [_thread_blocked, id=40644, stack(0x000000001ca50000,0x000000001cb50000)]
  0x0000000017153000 JavaThread "Cache worker for file hash cache (D:\tools\GFD\Graphflow-optimizer\.gradle\4.0.1\fileHashes)" [_thread_blocked, id=28356, stack(0x000000001b980000,0x000000001ba80000)]
  0x0000000017152800 JavaThread "File lock request listener" [_thread_in_native, id=34476, stack(0x000000001b880000,0x000000001b980000)]
  0x0000000017157000 JavaThread "Cache worker for file hash cache (D:\program files\gradle-6.7\bin\caches\4.0.1\fileHashes)" [_thread_blocked, id=35768, stack(0x000000001b780000,0x000000001b880000)]
  0x0000000019a46000 JavaThread "Stdin handler" [_thread_blocked, id=11832, stack(0x000000001b480000,0x000000001b580000)]
  0x00000000192fd800 JavaThread "Asynchronous log dispatcher for DefaultDaemonConnection: socket connection from /127.0.0.1:55185 to /127.0.0.1:55186" [_thread_blocked, id=31620, stack(0x000000001b280000,0x000000001b380000)]
  0x00000000192f3800 JavaThread "Daemon worker" [_thread_blocked, id=27432, stack(0x000000001b180000,0x000000001b280000)]
  0x00000000190a6800 JavaThread "Cancel handler" [_thread_blocked, id=40268, stack(0x000000001b080000,0x000000001b180000)]
  0x0000000019537800 JavaThread "Handler for socket connection from /127.0.0.1:55185 to /127.0.0.1:55186" [_thread_in_native, id=3076, stack(0x000000001af80000,0x000000001b080000)]
  0x0000000019512800 JavaThread "Daemon" [_thread_blocked, id=40696, stack(0x000000001ae80000,0x000000001af80000)]
  0x0000000018f3e000 JavaThread "Daemon periodic checks" [_thread_blocked, id=30464, stack(0x000000001ab80000,0x000000001ac80000)]
  0x0000000018fff000 JavaThread "Incoming local TCP Connector on port 55185" [_thread_in_native, id=37444, stack(0x000000001a9d0000,0x000000001aad0000)]
  0x00000000190ce800 JavaThread "Daemon health stats" [_thread_blocked, id=23964, stack(0x000000001a8d0000,0x000000001a9d0000)]
  0x00000000171de000 JavaThread "Service Thread" daemon [_thread_blocked, id=34560, stack(0x0000000017d10000,0x0000000017e10000)]
=>0x0000000017154800 JavaThread "C1 CompilerThread3" daemon [_thread_in_native, id=37616, stack(0x0000000017c10000,0x0000000017d10000)]
  0x000000001714b000 JavaThread "C2 CompilerThread2" daemon [_thread_blocked, id=27556, stack(0x0000000017b10000,0x0000000017c10000)]
  0x0000000017146000 JavaThread "C2 CompilerThread1" daemon [_thread_blocked, id=20112, stack(0x0000000017a10000,0x0000000017b10000)]
  0x0000000017142800 JavaThread "C2 CompilerThread0" daemon [_thread_blocked, id=18864, stack(0x0000000017910000,0x0000000017a10000)]
  0x000000001713d000 JavaThread "Attach Listener" daemon [_thread_blocked, id=35984, stack(0x0000000017810000,0x0000000017910000)]
  0x00000000170e9800 JavaThread "Signal Dispatcher" daemon [_thread_blocked, id=12988, stack(0x0000000017710000,0x0000000017810000)]
  0x00000000170d1800 JavaThread "Finalizer" daemon [_thread_blocked, id=18248, stack(0x00000000175b0000,0x00000000176b0000)]
  0x00000000170d0800 JavaThread "Reference Handler" daemon [_thread_blocked, id=39688, stack(0x00000000174b0000,0x00000000175b0000)]
  0x00000000026b3800 JavaThread "main" [_thread_blocked, id=40812, stack(0x0000000002560000,0x0000000002660000)]

Other Threads:
  0x00000000152ca000 VMThread [stack: 0x0000000016fb0000,0x00000000170b0000] [id=18496]
  0x0000000017204800 WatcherThread [stack: 0x0000000017e10000,0x0000000017f10000] [id=38792]

VM state:not at safepoint (normal execution)

VM Mutex/Monitor currently owned by a thread: None

heap address: 0x00000000c0000000, size: 1024 MB, Compressed Oops mode: 32-bit
Narrow klass base: 0x0000000000000000, Narrow klass shift: 3
Compressed class space size: 1073741824 Address: 0x0000000100000000

Heap:
 PSYoungGen      total 236032K, used 30629K [0x00000000eab00000, 0x00000000fb180000, 0x0000000100000000)
  eden space 220672K, 13% used [0x00000000eab00000,0x00000000ec8e9738,0x00000000f8280000)
  from space 15360K, 0% used [0x00000000f9500000,0x00000000f9500000,0x00000000fa400000)
  to   space 18944K, 0% used [0x00000000f8280000,0x00000000f8280000,0x00000000f9500000)
 ParOldGen       total 118272K, used 23789K [0x00000000c0000000, 0x00000000c7380000, 0x00000000eab00000)
  object space 118272K, 20% used [0x00000000c0000000,0x00000000c173b488,0x00000000c7380000)
 Metaspace       used 35543K, capacity 36122K, committed 36312K, reserved 1081344K
  class space    used 5161K, capacity 5339K, committed 5376K, reserved 1048576K

Card table byte_map: [0x0000000011b70000,0x0000000011d80000] byte_map_base: 0x0000000011570000

Marking Bits: (ParMarkBitMap*) 0x000000006d0a5ce0
 Begin Bits: [0x00000000126e0000, 0x00000000136e0000)
 End Bits:   [0x00000000136e0000, 0x00000000146e0000)

Polling page: 0x0000000000a00000

CodeCache: size=245760Kb used=13229Kb max_used=14011Kb free=232530Kb
 bounds [0x00000000027b0000, 0x0000000003570000, 0x00000000117b0000]
 total_blobs=4310 nmethods=3622 adapters=599
 compilation: enabled

Compilation events (10 events):
Event: 34.513 Thread 0x0000000017154800 nmethod 3841 0x00000000029071d0 code [0x0000000002907340, 0x0000000002907648]
Event: 34.514 Thread 0x0000000017154800 3843       3       org.gradle.internal.logging.text.AbstractLineChoppingStyledTextOutput$1::execute (9 bytes)
Event: 34.514 Thread 0x0000000017154800 nmethod 3843 0x00000000029157d0 code [0x0000000002915940, 0x0000000002915c28]
Event: 34.514 Thread 0x0000000017154800 3842       3       java.io.FilterOutputStream::write (9 bytes)
Event: 34.515 Thread 0x0000000017154800 nmethod 3842 0x00000000028f9950 code [0x00000000028f9ac0, 0x00000000028f9ce8]
Event: 34.516 Thread 0x0000000017154800 3844       3       org.gradle.internal.io.LinePerThreadBufferingOutputStream::write (9 bytes)
Event: 34.516 Thread 0x0000000017154800 nmethod 3844 0x00000000029cfb10 code [0x00000000029cfca0, 0x00000000029d00b8]
Event: 34.516 Thread 0x0000000017154800 3845       3       org.gradle.internal.io.LineBufferingOutputStream::write (59 bytes)
Event: 34.518 Thread 0x0000000017154800 nmethod 3845 0x0000000002956150 code [0x00000000029563a0, 0x00000000029572d8]
Event: 34.518 Thread 0x0000000017154800 3849       3       org.gradle.internal.logging.text.AbstractLineChoppingStyledTextOutput$1::execute (130 bytes)

GC Heap History (10 events):
Event: 3.068 GC heap before
{Heap before GC invocations=4 (full 1):
 PSYoungGen      total 75776K, used 7148K [0x00000000eab00000, 0x00000000f3f00000, 0x0000000100000000)
  eden space 65024K, 0% used [0x00000000eab00000,0x00000000eab00000,0x00000000eea80000)
  from space 10752K, 66% used [0x00000000eea80000,0x00000000ef17b080,0x00000000ef500000)
  to   space 10752K, 0% used [0x00000000f3480000,0x00000000f3480000,0x00000000f3f00000)
 ParOldGen       total 173568K, used 2391K [0x00000000c0000000, 0x00000000ca980000, 0x00000000eab00000)
  object space 173568K, 1% used [0x00000000c0000000,0x00000000c0255f50,0x00000000ca980000)
 Metaspace       used 20860K, capacity 21172K, committed 21248K, reserved 1067008K
  class space    used 2927K, capacity 3049K, committed 3072K, reserved 1048576K
Event: 3.109 GC heap after
Heap after GC invocations=4 (full 1):
 PSYoungGen      total 75776K, used 0K [0x00000000eab00000, 0x00000000f3f00000, 0x0000000100000000)
  eden space 65024K, 0% used [0x00000000eab00000,0x00000000eab00000,0x00000000eea80000)
  from space 10752K, 0% used [0x00000000eea80000,0x00000000eea80000,0x00000000ef500000)
  to   space 10752K, 0% used [0x00000000f3480000,0x00000000f3480000,0x00000000f3f00000)
 ParOldGen       total 82432K, used 7019K [0x00000000c0000000, 0x00000000c5080000, 0x00000000eab00000)
  object space 82432K, 8% used [0x00000000c0000000,0x00000000c06dac30,0x00000000c5080000)
 Metaspace       used 20860K, capacity 21172K, committed 21248K, reserved 1067008K
  class space    used 2927K, capacity 3049K, committed 3072K, reserved 1048576K
}
Event: 3.931 GC heap before
{Heap before GC invocations=5 (full 1):
 PSYoungGen      total 75776K, used 65024K [0x00000000eab00000, 0x00000000f3f00000, 0x0000000100000000)
  eden space 65024K, 100% used [0x00000000eab00000,0x00000000eea80000,0x00000000eea80000)
  from space 10752K, 0% used [0x00000000eea80000,0x00000000eea80000,0x00000000ef500000)
  to   space 10752K, 0% used [0x00000000f3480000,0x00000000f3480000,0x00000000f3f00000)
 ParOldGen       total 82432K, used 7019K [0x00000000c0000000, 0x00000000c5080000, 0x00000000eab00000)
  object space 82432K, 8% used [0x00000000c0000000,0x00000000c06dac30,0x00000000c5080000)
 Metaspace       used 27095K, capacity 27562K, committed 27776K, reserved 1073152K
  class space    used 3766K, capacity 3910K, committed 3968K, reserved 1048576K
Event: 3.955 GC heap after
Heap after GC invocations=5 (full 1):
 PSYoungGen      total 129536K, used 7297K [0x00000000eab00000, 0x00000000f3c00000, 0x0000000100000000)
  eden space 121856K, 0% used [0x00000000eab00000,0x00000000eab00000,0x00000000f2200000)
  from space 7680K, 95% used [0x00000000f3480000,0x00000000f3ba0548,0x00000000f3c00000)
  to   space 10752K, 0% used [0x00000000f2700000,0x00000000f2700000,0x00000000f3180000)
 ParOldGen       total 82432K, used 7027K [0x00000000c0000000, 0x00000000c5080000, 0x00000000eab00000)
  object space 82432K, 8% used [0x00000000c0000000,0x00000000c06dcc30,0x00000000c5080000)
 Metaspace       used 27095K, capacity 27562K, committed 27776K, reserved 1073152K
  class space    used 3766K, capacity 3910K, committed 3968K, reserved 1048576K
}
Event: 4.966 GC heap before
{Heap before GC invocations=6 (full 1):
 PSYoungGen      total 129536K, used 129153K [0x00000000eab00000, 0x00000000f3c00000, 0x0000000100000000)
  eden space 121856K, 100% used [0x00000000eab00000,0x00000000f2200000,0x00000000f2200000)
  from space 7680K, 95% used [0x00000000f3480000,0x00000000f3ba0548,0x00000000f3c00000)
  to   space 10752K, 0% used [0x00000000f2700000,0x00000000f2700000,0x00000000f3180000)
 ParOldGen       total 82432K, used 7027K [0x00000000c0000000, 0x00000000c5080000, 0x00000000eab00000)
  object space 82432K, 8% used [0x00000000c0000000,0x00000000c06dcc30,0x00000000c5080000)
 Metaspace       used 31918K, capacity 32504K, committed 32768K, reserved 1077248K
  class space    used 4571K, capacity 4762K, committed 4864K, reserved 1048576K
Event: 4.981 GC heap after
Heap after GC invocations=6 (full 1):
 PSYoungGen      total 137728K, used 10727K [0x00000000eab00000, 0x00000000fa400000, 0x0000000100000000)
  eden space 126976K, 0% used [0x00000000eab00000,0x00000000eab00000,0x00000000f2700000)
  from space 10752K, 99% used [0x00000000f2700000,0x00000000f3179c50,0x00000000f3180000)
  to   space 15360K, 0% used [0x00000000f9500000,0x00000000f9500000,0x00000000fa400000)
 ParOldGen       total 82432K, used 8745K [0x00000000c0000000, 0x00000000c5080000, 0x00000000eab00000)
  object space 82432K, 10% used [0x00000000c0000000,0x00000000c088a7c0,0x00000000c5080000)
 Metaspace       used 31918K, capacity 32504K, committed 32768K, reserved 1077248K
  class space    used 4571K, capacity 4762K, committed 4864K, reserved 1048576K
}
Event: 5.539 GC heap before
{Heap before GC invocations=7 (full 1):
 PSYoungGen      total 137728K, used 83550K [0x00000000eab00000, 0x00000000fa400000, 0x0000000100000000)
  eden space 126976K, 57% used [0x00000000eab00000,0x00000000ef21df00,0x00000000f2700000)
  from space 10752K, 99% used [0x00000000f2700000,0x00000000f3179c50,0x00000000f3180000)
  to   space 15360K, 0% used [0x00000000f9500000,0x00000000f9500000,0x00000000fa400000)
 ParOldGen       total 82432K, used 8745K [0x00000000c0000000, 0x00000000c5080000, 0x00000000eab00000)
  object space 82432K, 10% used [0x00000000c0000000,0x00000000c088a7c0,0x00000000c5080000)
 Metaspace       used 34712K, capacity 35256K, committed 35416K, reserved 1079296K
  class space    used 5040K, capacity 5230K, committed 5248K, reserved 1048576K
Event: 5.555 GC heap after
Heap after GC invocations=7 (full 1):
 PSYoungGen      total 236032K, used 15348K [0x00000000eab00000, 0x00000000fb180000, 0x0000000100000000)
  eden space 220672K, 0% used [0x00000000eab00000,0x00000000eab00000,0x00000000f8280000)
  from space 15360K, 99% used [0x00000000f9500000,0x00000000fa3fd010,0x00000000fa400000)
  to   space 18944K, 0% used [0x00000000f8280000,0x00000000f8280000,0x00000000f9500000)
 ParOldGen       total 82432K, used 10656K [0x00000000c0000000, 0x00000000c5080000, 0x00000000eab00000)
  object space 82432K, 12% used [0x00000000c0000000,0x00000000c0a68298,0x00000000c5080000)
 Metaspace       used 34712K, capacity 35256K, committed 35416K, reserved 1079296K
  class space    used 5040K, capacity 5230K, committed 5248K, reserved 1048576K
}
Event: 5.555 GC heap before
{Heap before GC invocations=8 (full 2):
 PSYoungGen      total 236032K, used 15348K [0x00000000eab00000, 0x00000000fb180000, 0x0000000100000000)
  eden space 220672K, 0% used [0x00000000eab00000,0x00000000eab00000,0x00000000f8280000)
  from space 15360K, 99% used [0x00000000f9500000,0x00000000fa3fd010,0x00000000fa400000)
  to   space 18944K, 0% used [0x00000000f8280000,0x00000000f8280000,0x00000000f9500000)
 ParOldGen       total 82432K, used 10656K [0x00000000c0000000, 0x00000000c5080000, 0x00000000eab00000)
  object space 82432K, 12% used [0x00000000c0000000,0x00000000c0a68298,0x00000000c5080000)
 Metaspace       used 34712K, capacity 35256K, committed 35416K, reserved 1079296K
  class space    used 5040K, capacity 5230K, committed 5248K, reserved 1048576K
Event: 5.627 GC heap after
Heap after GC invocations=8 (full 2):
 PSYoungGen      total 236032K, used 0K [0x00000000eab00000, 0x00000000fb180000, 0x0000000100000000)
  eden space 220672K, 0% used [0x00000000eab00000,0x00000000eab00000,0x00000000f8280000)
  from space 15360K, 0% used [0x00000000f9500000,0x00000000f9500000,0x00000000fa400000)
  to   space 18944K, 0% used [0x00000000f8280000,0x00000000f8280000,0x00000000f9500000)
 ParOldGen       total 118272K, used 23789K [0x00000000c0000000, 0x00000000c7380000, 0x00000000eab00000)
  object space 118272K, 20% used [0x00000000c0000000,0x00000000c173b488,0x00000000c7380000)
 Metaspace       used 34712K, capacity 35256K, committed 35416K, reserved 1079296K
  class space    used 5040K, capacity 5230K, committed 5248K, reserved 1048576K
}

Deoptimization events (10 events):
Event: 5.708 Thread 0x0000000018885000 Uncommon trap: reason=class_check action=maybe_recompile pc=0x00000000031fb868 method=com.google.common.collect.ImmutableList$1.get(I)Ljava/lang/Object; @ 5
Event: 5.793 Thread 0x0000000018885000 Uncommon trap: reason=bimorphic action=maybe_recompile pc=0x00000000032a4ae0 method=com.google.common.collect.NaturalOrdering.compare(Ljava/lang/Comparable;Ljava/lang/Comparable;)I @ 12
Event: 5.793 Thread 0x0000000018885000 Uncommon trap: reason=bimorphic action=maybe_recompile pc=0x00000000032a4ae0 method=com.google.common.collect.NaturalOrdering.compare(Ljava/lang/Comparable;Ljava/lang/Comparable;)I @ 12
Event: 5.795 Thread 0x0000000018885000 Uncommon trap: reason=unstable_if action=reinterpret pc=0x0000000002916aa0 method=java.net.URI.match(CJJ)Z @ 45
Event: 5.929 Thread 0x0000000018885000 Uncommon trap: reason=class_check action=maybe_recompile pc=0x000000000313d7bc method=com.google.common.collect.AbstractMapBasedMultimap$WrappedCollection.refreshIfEmpty()V @ 59
Event: 5.929 Thread 0x0000000018885000 Uncommon trap: reason=class_check action=maybe_recompile pc=0x000000000313d7bc method=com.google.common.collect.AbstractMapBasedMultimap$WrappedCollection.refreshIfEmpty()V @ 59
Event: 5.929 Thread 0x0000000018885000 Uncommon trap: reason=class_check action=maybe_recompile pc=0x00000000032bcc9c method=com.google.common.collect.AbstractMapBasedMultimap$WrappedCollection.refreshIfEmpty()V @ 59
Event: 34.513 Thread 0x000000001949f000 Uncommon trap: reason=unstable_if action=reinterpret pc=0x0000000002b90390 method=org.gradle.internal.logging.text.AbstractLineChoppingStyledTextOutput$2.execute(Lorg/gradle/internal/logging/text/AbstractLineChoppingStyledTextOutput$StateContext;)V @ 30
Event: 34.513 Thread 0x000000001949f000 Uncommon trap: reason=unstable_if action=reinterpret pc=0x0000000002b5938c method=org.gradle.internal.logging.text.AbstractLineChoppingStyledTextOutput$2.execute(Lorg/gradle/internal/logging/text/AbstractLineChoppingStyledTextOutput$StateContext;)V @ 30
Event: 34.514 Thread 0x000000001949f000 Uncommon trap: reason=unstable_if action=reinterpret pc=0x0000000002b5be2c method=org.gradle.internal.logging.text.AbstractLineChoppingStyledTextOutput$2.execute(Lorg/gradle/internal/logging/text/AbstractLineChoppingStyledTextOutput$StateContext;)V @ 30

Classes redefined (0 events):
No events

Internal exceptions (10 events):
Event: 5.384 Thread 0x0000000018885000 Exception <a 'java/lang/NoSuchMethodError': <clinit>> (0x00000000ee2a8988) thrown at [C:\re\workspace\8-2-build-windows-amd64-cygwin\jdk8u202\12323\hotspot\src\share\vm\prims\jni.cpp, line 1614]
Event: 5.384 Thread 0x0000000018885000 Exception <a 'java/lang/NoSuchMethodError': <clinit>> (0x00000000ee2aaef8) thrown at [C:\re\workspace\8-2-build-windows-amd64-cygwin\jdk8u202\12323\hotspot\src\share\vm\prims\jni.cpp, line 1614]
Event: 5.385 Thread 0x0000000018885000 Exception <a 'java/lang/NoSuchMethodError': <clinit>> (0x00000000ee4c7ce8) thrown at [C:\re\workspace\8-2-build-windows-amd64-cygwin\jdk8u202\12323\hotspot\src\share\vm\prims\jni.cpp, line 1614]
Event: 5.385 Thread 0x0000000018885000 Exception <a 'java/lang/NoSuchMethodError': <clinit>> (0x00000000ee4d1b58) thrown at [C:\re\workspace\8-2-build-windows-amd64-cygwin\jdk8u202\12323\hotspot\src\share\vm\prims\jni.cpp, line 1614]
Event: 5.714 Thread 0x0000000018885000 Exception <a 'java/lang/NoSuchMethodError': <clinit>> (0x00000000ebaee580) thrown at [C:\re\workspace\8-2-build-windows-amd64-cygwin\jdk8u202\12323\hotspot\src\share\vm\prims\jni.cpp, line 1614]
Event: 5.716 Thread 0x0000000018885000 Exception <a 'java/lang/NoSuchMethodError': <clinit>> (0x00000000ebb08d50) thrown at [C:\re\workspace\8-2-build-windows-amd64-cygwin\jdk8u202\12323\hotspot\src\share\vm\prims\jni.cpp, line 1614]
Event: 5.716 Thread 0x0000000018885000 Exception <a 'java/lang/NoSuchMethodError': <clinit>> (0x00000000ebb0a600) thrown at [C:\re\workspace\8-2-build-windows-amd64-cygwin\jdk8u202\12323\hotspot\src\share\vm\prims\jni.cpp, line 1614]
Event: 5.716 Thread 0x0000000018885000 Exception <a 'java/lang/NoSuchMethodError': <clinit>> (0x00000000ebb0bf00) thrown at [C:\re\workspace\8-2-build-windows-amd64-cygwin\jdk8u202\12323\hotspot\src\share\vm\prims\jni.cpp, line 1614]
Event: 5.916 Thread 0x0000000018885000 Exception <a 'java/lang/ClassNotFoundException': org/gradle/api/internal/file/UnionFileCollectionBeanInfo> (0x00000000ec005388) thrown at [C:\re\workspace\8-2-build-windows-amd64-cygwin\jdk8u202\12323\hotspot\src\share\vm\classfile\systemDictionary.cpp, l
Event: 5.916 Thread 0x0000000018885000 Exception <a 'java/lang/ClassNotFoundException': org/gradle/api/internal/file/UnionFileCollectionCustomizer> (0x00000000ec015b58) thrown at [C:\re\workspace\8-2-build-windows-amd64-cygwin\jdk8u202\12323\hotspot\src\share\vm\classfile\systemDictionary.cpp,

Events (10 events):
Event: 21.469 Thread 0x0000000017154800 flushing nmethod 0x0000000002cccd90
Event: 34.513 Thread 0x000000001949f000 Uncommon trap: trap_request=0xffffff65 fr.pc=0x0000000002b90390
Event: 34.513 Thread 0x000000001949f000 DEOPT PACKING pc=0x0000000002b90390 sp=0x00000000236de080
Event: 34.513 Thread 0x000000001949f000 DEOPT UNPACKING pc=0x00000000027f583b sp=0x00000000236ddef0 mode 2
Event: 34.513 Thread 0x000000001949f000 Uncommon trap: trap_request=0xffffff65 fr.pc=0x0000000002b5938c
Event: 34.513 Thread 0x000000001949f000 DEOPT PACKING pc=0x0000000002b5938c sp=0x00000000236de040
Event: 34.513 Thread 0x000000001949f000 DEOPT UNPACKING pc=0x00000000027f583b sp=0x00000000236dded8 mode 2
Event: 34.514 Thread 0x000000001949f000 Uncommon trap: trap_request=0xffffff65 fr.pc=0x0000000002b5be2c
Event: 34.514 Thread 0x000000001949f000 DEOPT PACKING pc=0x0000000002b5be2c sp=0x00000000236ddfe0
Event: 34.514 Thread 0x000000001949f000 DEOPT UNPACKING pc=0x00000000027f583b sp=0x00000000236dded8 mode 2


Dynamic libraries:
0x00007ff6e0600000 - 0x00007ff6e0637000 	D:\program files\Java\java-1.8\bin\java.exe
0x00007ffc64f50000 - 0x00007ffc65145000 	C:\WINDOWS\SYSTEM32\ntdll.dll
0x00007ffc64330000 - 0x00007ffc643ed000 	C:\WINDOWS\System32\KERNEL32.DLL
0x00007ffc62ce0000 - 0x00007ffc62fa8000 	C:\WINDOWS\System32\KERNELBASE.dll
0x00007ffc64950000 - 0x00007ffc649fc000 	C:\WINDOWS\System32\ADVAPI32.dll
0x00007ffc634b0000 - 0x00007ffc6354e000 	C:\WINDOWS\System32\msvcrt.dll
0x00007ffc644f0000 - 0x00007ffc6458b000 	C:\WINDOWS\System32\sechost.dll
0x00007ffc64590000 - 0x00007ffc646bb000 	C:\WINDOWS\System32\RPCRT4.dll
0x00007ffc63190000 - 0x00007ffc63330000 	C:\WINDOWS\System32\USER32.dll
0x00007ffc62b10000 - 0x00007ffc62b32000 	C:\WINDOWS\System32\win32u.dll
0x00007ffc633c0000 - 0x00007ffc633ea000 	C:\WINDOWS\System32\GDI32.dll
0x00007ffc62a00000 - 0x00007ffc62b0b000 	C:\WINDOWS\System32\gdi32full.dll
0x00007ffc62bf0000 - 0x00007ffc62c8d000 	C:\WINDOWS\System32\msvcp_win.dll
0x00007ffc628a0000 - 0x00007ffc629a0000 	C:\WINDOWS\System32\ucrtbase.dll
0x00007ffc47dd0000 - 0x00007ffc4806a000 	C:\WINDOWS\WinSxS\amd64_microsoft.windows.common-controls_6595b64144ccf1df_6.0.19041.844_none_ca00b6081b84eb1d\COMCTL32.dll
0x00007ffc64a00000 - 0x00007ffc64a30000 	C:\WINDOWS\System32\IMM32.DLL
0x000000006f3a0000 - 0x000000006f472000 	D:\program files\Java\java-1.8\jre\bin\msvcr100.dll
0x000000006c880000 - 0x000000006d125000 	D:\program files\Java\java-1.8\jre\bin\server\jvm.dll
0x00007ffc633b0000 - 0x00007ffc633b8000 	C:\WINDOWS\System32\PSAPI.DLL
0x00007ffc57800000 - 0x00007ffc5780a000 	C:\WINDOWS\SYSTEM32\VERSION.dll
0x00007ffc5e210000 - 0x00007ffc5e219000 	C:\WINDOWS\SYSTEM32\WSOCK32.dll
0x00007ffc58ee0000 - 0x00007ffc58f07000 	C:\WINDOWS\SYSTEM32\WINMM.dll
0x00007ffc64ea0000 - 0x00007ffc64f0b000 	C:\WINDOWS\System32\WS2_32.dll
0x00007ffc5e270000 - 0x00007ffc5e27f000 	D:\program files\Java\java-1.8\jre\bin\verify.dll
0x00007ffc5d0b0000 - 0x00007ffc5d0d9000 	D:\program files\Java\java-1.8\jre\bin\java.dll
0x00007ffc5cea0000 - 0x00007ffc5ceb6000 	D:\program files\Java\java-1.8\jre\bin\zip.dll
0x00007ffc63670000 - 0x00007ffc63db2000 	C:\WINDOWS\System32\SHELL32.dll
0x00007ffc607e0000 - 0x00007ffc60f70000 	C:\WINDOWS\SYSTEM32\windows.storage.dll
0x00007ffc63fd0000 - 0x00007ffc64325000 	C:\WINDOWS\System32\combase.dll
0x00007ffc62100000 - 0x00007ffc6212c000 	C:\WINDOWS\SYSTEM32\Wldp.dll
0x00007ffc63080000 - 0x00007ffc6312e000 	C:\WINDOWS\System32\SHCORE.dll
0x00007ffc63f70000 - 0x00007ffc63fc5000 	C:\WINDOWS\System32\shlwapi.dll
0x00007ffc625d0000 - 0x00007ffc625ef000 	C:\WINDOWS\SYSTEM32\profapi.dll
0x00007ffc42160000 - 0x00007ffc4217a000 	D:\program files\Java\java-1.8\jre\bin\net.dll
0x00007ffc53760000 - 0x00007ffc5394e000 	C:\WINDOWS\SYSTEM32\urlmon.dll
0x00007ffc534b0000 - 0x00007ffc53760000 	C:\WINDOWS\SYSTEM32\iertutil.dll
0x00007ffc61e70000 - 0x00007ffc61eda000 	C:\WINDOWS\system32\mswsock.dll
0x00007ffc3e0d0000 - 0x00007ffc3e0e2000 	D:\program files\Java\java-1.8\jre\bin\nio.dll
0x00007ffc5ce80000 - 0x00007ffc5ce9e000 	D:\program files\gradle-6.7\bin\native\25\windows-amd64\native-platform.dll
0x00007ffc62040000 - 0x00007ffc62058000 	C:\WINDOWS\SYSTEM32\CRYPTSP.dll
0x00007ffc617a0000 - 0x00007ffc617d4000 	C:\WINDOWS\system32\rsaenh.dll
0x00007ffc62690000 - 0x00007ffc626b7000 	C:\WINDOWS\System32\bcrypt.dll
0x00007ffc62550000 - 0x00007ffc6257e000 	C:\WINDOWS\SYSTEM32\USERENV.dll
0x00007ffc62820000 - 0x00007ffc628a0000 	C:\WINDOWS\System32\bcryptprimitives.dll
0x00007ffc62060000 - 0x00007ffc6206c000 	C:\WINDOWS\SYSTEM32\CRYPTBASE.dll
0x00007ffc61b10000 - 0x00007ffc61b4b000 	C:\WINDOWS\SYSTEM32\IPHLPAPI.DLL
0x00007ffc644e0000 - 0x00007ffc644e8000 	C:\WINDOWS\System32\NSI.dll
0x00007ffc59c50000 - 0x00007ffc59c67000 	C:\WINDOWS\SYSTEM32\dhcpcsvc6.DLL
0x00007ffc59e10000 - 0x00007ffc59e2d000 	C:\WINDOWS\SYSTEM32\dhcpcsvc.DLL
0x00007ffc61b50000 - 0x00007ffc61c1c000 	C:\WINDOWS\SYSTEM32\DNSAPI.dll
0x00007ffc527f0000 - 0x00007ffc527fd000 	D:\program files\Java\java-1.8\jre\bin\management.dll

VM Arguments:
jvm_args: -XX:MaxPermSize=256m -XX:+HeapDumpOnOutOfMemoryError -Xmx1024m -Dfile.encoding=GBK -Duser.country=CN -Duser.language=zh -Duser.variant 
java_command: org.gradle.launcher.daemon.bootstrap.GradleDaemon 4.0.1
java_class_path (initial): D:\program files\gradle-4.0.1\lib\gradle-launcher-4.0.1.jar
Launcher Type: SUN_STANDARD

Environment Variables:
JAVA_HOME=D:\program files\Java\java-1.8
CLASSPATH=.;D:\program files\Java\java-1.8\bin;D:\program files\Java\java-1.8\lib;D:\program files\Java\java-1.8\lib\dt.jar;D:\program files\Java\java-1.8\lib\toors.jar;
PATH=D:\program files\Java\java-1.8\bin;D:\program files\Java\java-1.8\jre\bin;C:\Program Files (x86)\Common Files\Oracle\Java\javapath;C:\Users\玫碌禄陋\AppData\Local\Programs\Python\Python37;C:;Users\玫碌禄陋\AppData\Local\Programs\Python\Python37\Scripts;%S;stemRoot%\system32;C:\WINDOWS;C:\WINDOWS\System32\Wbem;C:\WINDOWS\System32\WindowsPowerShell\v1.0\;C:\WINDOWS\System32\OpenSSH\;D:\ffmpeg\bin;D:\program files\Java\apache-maven-3.1.0\bin;D:\program files\gradle-4.0.1\bin;C:\Program Files (x86)\Microsoft SQL Server\100\Tools\Binn\;C:\Program Files\Microsoft SQL Server\100\Tools\Binn\;C:\Program Files\Microsoft SQL Server\100\DTS\Binn\;C:\Program Files (x86)\Microsoft SQL Server\100\Tools\Binn\VSShell\Common7\IDE\;C:\Program Files (x86)\Microsoft Visual Studio 9.0\Common7\IDE\PrivateAssemblies\;C:\Program Files (x86)\Microsoft SQL Server\100\DTS\Binn\;D:\program files\Git\cmd;D:\Program Files\Polyspace\R2021a\runtime\win64;D:\Program Files\Polyspace\R2021a\bin;D:\Program Files\Polyspace\R2021a\polyspace\bin;C:\WINDOWS\system32;D:\software resource\texlive\2021\bin\win32;C:\Users\刘德华\AppData\Local\Programs\Python\Python37;C:\Users\刘德华\AppData\Local\Programs\Python\Python37\Scripts;C:\sqlite\sqlite-tools-win32-x86-3280000;C:\Program Files\MySQL\MySQL Server 8.0\bin;C:\Users\刘德华\AppData\Local\Programs\Microsoft VS Code\bin;C:\Users\刘德华\AppData\Local\Microsoft\WindowsApps;D:\software resource\texlive\2021\bin\win32;
USERNAME=刘德华
OS=Windows_NT
PROCESSOR_IDENTIFIER=Intel64 Family 6 Model 158 Stepping 10, GenuineIntel



---------------  S Y S T E M  ---------------

OS: Windows 10.0 , 64 bit Build 19041 (10.0.19041.928)

CPU:total 8 (initial active 8) (4 cores per cpu, 2 threads per core) family 6 model 158 stepping 10, cmov, cx8, fxsr, mmx, sse, sse2, sse3, ssse3, sse4.1, sse4.2, popcnt, avx, avx2, aes, clmul, erms, 3dnowpref, lzcnt, ht, tsc, tscinvbit, bmi1, bmi2, adx

Memory: 4k page, physical 16582324k(1824556k free), swap 29689520k(216k free)

vm_info: Java HotSpot(TM) 64-Bit Server VM (25.202-b08) for windows-amd64 JRE (1.8.0_202-b08), built on Dec 15 2018 19:54:30 by "java_re" with MS VC++ 10.0 (VS2010)

time: Sat Jun 05 22:14:49 2021
timezone: 中国标准时间
elapsed time: 34 seconds (0d 0h 0m 34s)

