#
# There is insufficient memory for the Java Runtime Environment to continue.
# Native memory allocation (malloc) failed to allocate 97216 bytes for Chunk::new
# Possible reasons:
#   The system is out of physical RAM or swap space
#   The process is running with CompressedOops enabled, and the Java Heap may be blocking the growth of the native heap
# Possible solutions:
#   Reduce memory load on the system
#   Increase physical memory or swap space
#   Check if swap backing store is full
#   Decrease Java heap size (-Xmx/-Xms)
#   Decrease number of Java threads
#   Decrease Java thread stack sizes (-Xss)
#   Set larger code cache with -XX:ReservedCodeCacheSize=
#   JVM is running with Unscaled Compressed Oops mode in which the Java heap is
#     placed in the first 4GB address space. The Java Heap base address is the
#     maximum limit for the native heap growth. Please use -XX:HeapBaseMinAddress
#     to set the Java Heap base and to place the Java Heap above 4GB virtual address.
# This output file may be truncated or incomplete.
#
#  Out of Memory Error (allocation.cpp:389), pid=39012, tid=0x00000000000063a4
#
# JRE version: Java(TM) SE Runtime Environment (8.0_202-b08) (build 1.8.0_202-b08)
# Java VM: Java HotSpot(TM) 64-Bit Server VM (25.202-b08 mixed mode windows-amd64 compressed oops)
# Failed to write core dump. Minidumps are not enabled by default on client versions of Windows
#

---------------  T H R E A D  ---------------

Current thread (0x0000000017af1800):  JavaThread "C2 CompilerThread2" daemon [_thread_in_native, id=25508, stack(0x0000000018470000,0x0000000018570000)]

Stack: [0x0000000018470000,0x0000000018570000]
[error occurred during error reporting (printing stack bounds), id 0xc0000005]

Native frames: (J=compiled Java code, j=interpreted, Vv=VM code, C=native code)


Current CompileTask:
C2:1357918 4761       4       java.util.concurrent.LinkedBlockingDeque$AbstractItr::next (34 bytes)


---------------  P R O C E S S  ---------------

Java Threads: ( => current thread )
  0x000000001a763000 JavaThread "Forward streams with process: command 'D:/program files/Java/java-1.8/bin/java.exe' Thread 3" [_thread_in_native, id=30936, stack(0x0000000022c10000,0x0000000022d10000)]
  0x000000001a768000 JavaThread "Forward streams with process: command 'D:/program files/Java/java-1.8/bin/java.exe' Thread 2" [_thread_in_native, id=38544, stack(0x0000000022b10000,0x0000000022c10000)]
  0x0000000018cac000 JavaThread "Forward streams with process: command 'D:/program files/Java/java-1.8/bin/java.exe'" [_thread_blocked, id=19036, stack(0x0000000022a10000,0x0000000022b10000)]
  0x0000000018cab000 JavaThread "DisconnectableInputStream source reader" daemon [_thread_blocked, id=14384, stack(0x00000000221e0000,0x00000000222e0000)]
  0x0000000018caa800 JavaThread "Run command 'D:/program files/Java/java-1.8/bin/java.exe'" [_thread_in_native, id=3088, stack(0x0000000020d30000,0x0000000020e30000)]
  0x0000000018ca9800 JavaThread "build operations Thread 8" [_thread_blocked, id=35692, stack(0x00000000220e0000,0x00000000221e0000)]
  0x0000000018ca9000 JavaThread "build operations Thread 7" [_thread_blocked, id=26180, stack(0x0000000022910000,0x0000000022a10000)]
  0x0000000018ca4800 JavaThread "build operations Thread 6" [_thread_blocked, id=26408, stack(0x0000000022810000,0x0000000022910000)]
  0x0000000018ca8000 JavaThread "build operations Thread 5" [_thread_blocked, id=31396, stack(0x0000000022710000,0x0000000022810000)]
  0x0000000018ca2000 JavaThread "build operations Thread 4" [_thread_blocked, id=20412, stack(0x0000000022610000,0x0000000022710000)]
  0x0000000018ca7800 JavaThread "build operations Thread 3" [_thread_blocked, id=16260, stack(0x0000000022510000,0x0000000022610000)]
  0x0000000018ca6800 JavaThread "build operations Thread 2" [_thread_blocked, id=9288, stack(0x0000000022410000,0x0000000022510000)]
  0x0000000018ca3000 JavaThread "build operations" [_thread_blocked, id=31820, stack(0x0000000022310000,0x0000000022410000)]
  0x0000000018ca0800 JavaThread "Task worker" [_thread_blocked, id=31116, stack(0x0000000020630000,0x0000000020730000)]
  0x0000000018ca0000 JavaThread "Cache worker for task history cache (D:\tools\GFD\Graphflow-optimizer\.gradle\4.0.1\taskHistory)" [_thread_blocked, id=25176, stack(0x000000001ff30000,0x0000000020030000)]
  0x0000000018c9d000 JavaThread "Cache worker for file content cache (D:\tools\GFD\Graphflow-optimizer\.gradle\4.0.1\fileContent)" [_thread_blocked, id=456, stack(0x000000001c2c0000,0x000000001c3c0000)]
  0x0000000018c9f000 JavaThread "Cache worker for Artifact transforms cache (D:\program files\gradle-6.7\bin\caches\transforms-1)" [_thread_blocked, id=23428, stack(0x000000001bcc0000,0x000000001bdc0000)]
  0x0000000019c18800 JavaThread "Cache worker for file hash cache (D:\tools\GFD\Graphflow-optimizer\.gradle\4.0.1\fileHashes)" [_thread_blocked, id=20732, stack(0x000000001bbc0000,0x000000001bcc0000)]
  0x0000000019c1f000 JavaThread "Stdin handler" [_thread_blocked, id=16388, stack(0x000000001bac0000,0x000000001bbc0000)]
  0x0000000019c1e800 JavaThread "Asynchronous log dispatcher for DefaultDaemonConnection: socket connection from /127.0.0.1:55193 to /127.0.0.1:55208" [_thread_blocked, id=36596, stack(0x000000001b9c0000,0x000000001bac0000)]
  0x0000000019c1d800 JavaThread "Daemon worker Thread 2" [_thread_blocked, id=4120, stack(0x000000001b8c0000,0x000000001b9c0000)]
  0x0000000019c1c000 JavaThread "Cancel handler" [_thread_blocked, id=32268, stack(0x000000001b7c0000,0x000000001b8c0000)]
  0x0000000019c1b800 JavaThread "Handler for socket connection from /127.0.0.1:55193 to /127.0.0.1:55208" [_thread_in_native, id=40880, stack(0x0000000002a70000,0x0000000002b70000)]
  0x0000000019c1a800 JavaThread "Daemon Thread 2" [_thread_blocked, id=30092, stack(0x0000000001180000,0x0000000001280000)]
  0x0000000019c1d000 JavaThread "Memory manager" [_thread_blocked, id=40764, stack(0x000000001fb50000,0x000000001fc50000)]
  0x0000000019c1a000 JavaThread "File lock request listener" [_thread_in_native, id=33856, stack(0x000000001c1c0000,0x000000001c2c0000)]
  0x0000000019c19000 JavaThread "Cache worker for file hash cache (D:\program files\gradle-6.7\bin\caches\4.0.1\fileHashes)" [_thread_blocked, id=33748, stack(0x000000001c0c0000,0x000000001c1c0000)]
  0x0000000018f1a800 JavaThread "Daemon periodic checks" [_thread_blocked, id=29152, stack(0x000000001b4c0000,0x000000001b5c0000)]
  0x0000000018f1f000 JavaThread "Incoming local TCP Connector on port 55193" [_thread_in_native, id=20016, stack(0x000000001b310000,0x000000001b410000)]
  0x00000000197bc000 JavaThread "Daemon health stats" [_thread_blocked, id=35680, stack(0x000000001b210000,0x000000001b310000)]
  0x0000000017afd800 JavaThread "Service Thread" daemon [_thread_blocked, id=32044, stack(0x0000000018670000,0x0000000018770000)]
  0x0000000017af6800 JavaThread "C1 CompilerThread3" daemon [_thread_blocked, id=33880, stack(0x0000000018570000,0x0000000018670000)]
=>0x0000000017af1800 JavaThread "C2 CompilerThread2" daemon [_thread_in_native, id=25508, stack(0x0000000018470000,0x0000000018570000)]
  0x0000000017aa2000 JavaThread "C2 CompilerThread1" daemon [_thread_blocked, id=19780, stack(0x0000000018370000,0x0000000018470000)]
  0x0000000017a9e800 JavaThread "C2 CompilerThread0" daemon [_thread_blocked, id=38272, stack(0x0000000018270000,0x0000000018370000)]
  0x0000000017a9d000 JavaThread "Attach Listener" daemon [_thread_blocked, id=40400, stack(0x0000000018170000,0x0000000018270000)]
  0x0000000017a49000 JavaThread "Signal Dispatcher" daemon [_thread_blocked, id=22524, stack(0x0000000018070000,0x0000000018170000)]
  0x0000000003118000 JavaThread "Finalizer" daemon [_thread_blocked, id=37156, stack(0x0000000017f10000,0x0000000018010000)]
  0x0000000017a30800 JavaThread "Reference Handler" daemon [_thread_blocked, id=29528, stack(0x0000000017e10000,0x0000000017f10000)]
  0x0000000003023800 JavaThread "main" [_thread_blocked, id=1504, stack(0x0000000002f20000,0x0000000003020000)]

Other Threads:
  0x0000000015c3a000 VMThread [stack: 0x0000000017910000,0x0000000017a10000] [id=19740]
  0x0000000017b1d000 WatcherThread [stack: 0x0000000018770000,0x0000000018870000] [id=28656]

VM state:not at safepoint (normal execution)

VM Mutex/Monitor currently owned by a thread: None

heap address: 0x00000000c0000000, size: 1024 MB, Compressed Oops mode: 32-bit
Narrow klass base: 0x0000000000000000, Narrow klass shift: 3
Compressed class space size: 1073741824 Address: 0x0000000100000000

Heap:
 PSYoungGen      total 134656K, used 33742K [0x00000000eab00000, 0x00000000fa200000, 0x0000000100000000)
  eden space 120320K, 28% used [0x00000000eab00000,0x00000000ecbf3910,0x00000000f2080000)
  from space 14336K, 0% used [0x00000000f2080000,0x00000000f2080000,0x00000000f2e80000)
  to   space 17920K, 0% used [0x00000000f9080000,0x00000000f9080000,0x00000000fa200000)
 ParOldGen       total 104960K, used 22855K [0x00000000c0000000, 0x00000000c6680000, 0x00000000eab00000)
  object space 104960K, 21% used [0x00000000c0000000,0x00000000c1651eb8,0x00000000c6680000)
 Metaspace       used 36253K, capacity 36882K, committed 37080K, reserved 1081344K
  class space    used 5195K, capacity 5369K, committed 5376K, reserved 1048576K

Card table byte_map: [0x00000000124e0000,0x00000000126f0000] byte_map_base: 0x0000000011ee0000

Marking Bits: (ParMarkBitMap*) 0x000000006d0a5ce0
 Begin Bits: [0x0000000013050000, 0x0000000014050000)
 End Bits:   [0x0000000014050000, 0x0000000015050000)

Polling page: 0x0000000000f90000

CodeCache: size=245760Kb used=15101Kb max_used=15101Kb free=230658Kb
 bounds [0x0000000003120000, 0x0000000004000000, 0x0000000012120000]
 total_blobs=4857 nmethods=4170 adapters=599
 compilation: enabled

Compilation events (10 events):
Event: 1347.921 Thread 0x0000000017af6800 nmethod 4756 0x0000000003fedc10 code [0x0000000003feddc0, 0x0000000003fee730]
Event: 1347.921 Thread 0x0000000017af6800 4757       3       java.io.ObjectInputStream$PeekInputStream::<init> (20 bytes)
Event: 1347.921 Thread 0x0000000017af6800 nmethod 4757 0x0000000003feeb50 code [0x0000000003feecc0, 0x0000000003feeef0]
Event: 1347.921 Thread 0x0000000017af6800 4758       3       java.io.ObjectInputStream$HandleTable::<init> (38 bytes)
Event: 1347.921 Thread 0x0000000017af6800 nmethod 4758 0x0000000003feefd0 code [0x0000000003fef140, 0x0000000003fef4d0]
Event: 1347.921 Thread 0x0000000017af6800 4759       3       java.io.ObjectInputStream::readStreamHeader (60 bytes)
Event: 1347.922 Thread 0x0000000017af6800 nmethod 4759 0x0000000003fef5d0 code [0x0000000003fef8a0, 0x0000000003ff0c98]
Event: 1357.758 Thread 0x0000000017af6800 4760   !   3       sun.reflect.GeneratedMethodAccessor9::invoke (70 bytes)
Event: 1357.759 Thread 0x0000000017af6800 nmethod 4760 0x0000000003ff1a90 code [0x0000000003ff1ca0, 0x0000000003ff2518]
Event: 1357.914 Thread 0x0000000017af1800 4761       4       java.util.concurrent.LinkedBlockingDeque$AbstractItr::next (34 bytes)

GC Heap History (10 events):
Event: 12.953 GC heap before
{Heap before GC invocations=5 (full 1):
 PSYoungGen      total 75776K, used 65024K [0x00000000eab00000, 0x00000000eff80000, 0x0000000100000000)
  eden space 65024K, 100% used [0x00000000eab00000,0x00000000eea80000,0x00000000eea80000)
  from space 10752K, 0% used [0x00000000eea80000,0x00000000eea80000,0x00000000ef500000)
  to   space 10752K, 0% used [0x00000000ef500000,0x00000000ef500000,0x00000000eff80000)
 ParOldGen       total 80384K, used 6946K [0x00000000c0000000, 0x00000000c4e80000, 0x00000000eab00000)
  object space 80384K, 8% used [0x00000000c0000000,0x00000000c06c8af8,0x00000000c4e80000)
 Metaspace       used 27191K, capacity 27626K, committed 27776K, reserved 1073152K
  class space    used 3767K, capacity 3910K, committed 3968K, reserved 1048576K
Event: 13.016 GC heap after
Heap after GC invocations=5 (full 1):
 PSYoungGen      total 75776K, used 7438K [0x00000000eab00000, 0x00000000f3880000, 0x0000000100000000)
  eden space 65024K, 0% used [0x00000000eab00000,0x00000000eab00000,0x00000000eea80000)
  from space 10752K, 69% used [0x00000000ef500000,0x00000000efc43bf0,0x00000000eff80000)
  to   space 10752K, 0% used [0x00000000eea80000,0x00000000eea80000,0x00000000ef500000)
 ParOldGen       total 80384K, used 6946K [0x00000000c0000000, 0x00000000c4e80000, 0x00000000eab00000)
  object space 80384K, 8% used [0x00000000c0000000,0x00000000c06c8af8,0x00000000c4e80000)
 Metaspace       used 27191K, capacity 27626K, committed 27776K, reserved 1073152K
  class space    used 3767K, capacity 3910K, committed 3968K, reserved 1048576K
}
Event: 14.973 GC heap before
{Heap before GC invocations=6 (full 1):
 PSYoungGen      total 75776K, used 72462K [0x00000000eab00000, 0x00000000f3880000, 0x0000000100000000)
  eden space 65024K, 100% used [0x00000000eab00000,0x00000000eea80000,0x00000000eea80000)
  from space 10752K, 69% used [0x00000000ef500000,0x00000000efc43bf0,0x00000000eff80000)
  to   space 10752K, 0% used [0x00000000eea80000,0x00000000eea80000,0x00000000ef500000)
 ParOldGen       total 80384K, used 6946K [0x00000000c0000000, 0x00000000c4e80000, 0x00000000eab00000)
  object space 80384K, 8% used [0x00000000c0000000,0x00000000c06c8af8,0x00000000c4e80000)
 Metaspace       used 30276K, capacity 30774K, committed 31104K, reserved 1075200K
  class space    used 4265K, capacity 4400K, committed 4480K, reserved 1048576K
Event: 15.003 GC heap after
Heap after GC invocations=6 (full 1):
 PSYoungGen      total 75776K, used 7834K [0x00000000eab00000, 0x00000000f3c00000, 0x0000000100000000)
  eden space 65024K, 0% used [0x00000000eab00000,0x00000000eab00000,0x00000000eea80000)
  from space 10752K, 72% used [0x00000000eea80000,0x00000000ef2269a0,0x00000000ef500000)
  to   space 13312K, 0% used [0x00000000f2f00000,0x00000000f2f00000,0x00000000f3c00000)
 ParOldGen       total 80384K, used 6954K [0x00000000c0000000, 0x00000000c4e80000, 0x00000000eab00000)
  object space 80384K, 8% used [0x00000000c0000000,0x00000000c06caaf8,0x00000000c4e80000)
 Metaspace       used 30276K, capacity 30774K, committed 31104K, reserved 1075200K
  class space    used 4265K, capacity 4400K, committed 4480K, reserved 1048576K
}
Event: 16.632 GC heap before
{Heap before GC invocations=7 (full 1):
 PSYoungGen      total 75776K, used 72858K [0x00000000eab00000, 0x00000000f3c00000, 0x0000000100000000)
  eden space 65024K, 100% used [0x00000000eab00000,0x00000000eea80000,0x00000000eea80000)
  from space 10752K, 72% used [0x00000000eea80000,0x00000000ef2269a0,0x00000000ef500000)
  to   space 13312K, 0% used [0x00000000f2f00000,0x00000000f2f00000,0x00000000f3c00000)
 ParOldGen       total 80384K, used 6954K [0x00000000c0000000, 0x00000000c4e80000, 0x00000000eab00000)
  object space 80384K, 8% used [0x00000000c0000000,0x00000000c06caaf8,0x00000000c4e80000)
 Metaspace       used 32009K, capacity 32578K, committed 33024K, reserved 1077248K
  class space    used 4581K, capacity 4764K, committed 4864K, reserved 1048576K
Event: 16.699 GC heap after
Heap after GC invocations=7 (full 1):
 PSYoungGen      total 133632K, used 11955K [0x00000000eab00000, 0x00000000f3c80000, 0x0000000100000000)
  eden space 120320K, 0% used [0x00000000eab00000,0x00000000eab00000,0x00000000f2080000)
  from space 13312K, 89% used [0x00000000f2f00000,0x00000000f3aacc80,0x00000000f3c00000)
  to   space 14336K, 0% used [0x00000000f2080000,0x00000000f2080000,0x00000000f2e80000)
 ParOldGen       total 80384K, used 6962K [0x00000000c0000000, 0x00000000c4e80000, 0x00000000eab00000)
  object space 80384K, 8% used [0x00000000c0000000,0x00000000c06ccaf8,0x00000000c4e80000)
 Metaspace       used 32009K, capacity 32578K, committed 33024K, reserved 1077248K
  class space    used 4581K, capacity 4764K, committed 4864K, reserved 1048576K
}
Event: 867.365 GC heap before
{Heap before GC invocations=8 (full 1):
 PSYoungGen      total 133632K, used 94970K [0x00000000eab00000, 0x00000000f3c80000, 0x0000000100000000)
  eden space 120320K, 68% used [0x00000000eab00000,0x00000000efc11db8,0x00000000f2080000)
  from space 13312K, 89% used [0x00000000f2f00000,0x00000000f3aacc80,0x00000000f3c00000)
  to   space 14336K, 0% used [0x00000000f2080000,0x00000000f2080000,0x00000000f2e80000)
 ParOldGen       total 80384K, used 6962K [0x00000000c0000000, 0x00000000c4e80000, 0x00000000eab00000)
  object space 80384K, 8% used [0x00000000c0000000,0x00000000c06ccaf8,0x00000000c4e80000)
 Metaspace       used 34651K, capacity 35248K, committed 35416K, reserved 1079296K
  class space    used 4947K, capacity 5132K, committed 5248K, reserved 1048576K
Event: 867.376 GC heap after
Heap after GC invocations=8 (full 1):
 PSYoungGen      total 134656K, used 14320K [0x00000000eab00000, 0x00000000fa200000, 0x0000000100000000)
  eden space 120320K, 0% used [0x00000000eab00000,0x00000000eab00000,0x00000000f2080000)
  from space 14336K, 99% used [0x00000000f2080000,0x00000000f2e7c010,0x00000000f2e80000)
  to   space 17920K, 0% used [0x00000000f9080000,0x00000000f9080000,0x00000000fa200000)
 ParOldGen       total 80384K, used 9935K [0x00000000c0000000, 0x00000000c4e80000, 0x00000000eab00000)
  object space 80384K, 12% used [0x00000000c0000000,0x00000000c09b3c40,0x00000000c4e80000)
 Metaspace       used 34651K, capacity 35248K, committed 35416K, reserved 1079296K
  class space    used 4947K, capacity 5132K, committed 5248K, reserved 1048576K
}
Event: 867.376 GC heap before
{Heap before GC invocations=9 (full 2):
 PSYoungGen      total 134656K, used 14320K [0x00000000eab00000, 0x00000000fa200000, 0x0000000100000000)
  eden space 120320K, 0% used [0x00000000eab00000,0x00000000eab00000,0x00000000f2080000)
  from space 14336K, 99% used [0x00000000f2080000,0x00000000f2e7c010,0x00000000f2e80000)
  to   space 17920K, 0% used [0x00000000f9080000,0x00000000f9080000,0x00000000fa200000)
 ParOldGen       total 80384K, used 9935K [0x00000000c0000000, 0x00000000c4e80000, 0x00000000eab00000)
  object space 80384K, 12% used [0x00000000c0000000,0x00000000c09b3c40,0x00000000c4e80000)
 Metaspace       used 34651K, capacity 35248K, committed 35416K, reserved 1079296K
  class space    used 4947K, capacity 5132K, committed 5248K, reserved 1048576K
Event: 867.478 GC heap after
Heap after GC invocations=9 (full 2):
 PSYoungGen      total 134656K, used 0K [0x00000000eab00000, 0x00000000fa200000, 0x0000000100000000)
  eden space 120320K, 0% used [0x00000000eab00000,0x00000000eab00000,0x00000000f2080000)
  from space 14336K, 0% used [0x00000000f2080000,0x00000000f2080000,0x00000000f2e80000)
  to   space 17920K, 0% used [0x00000000f9080000,0x00000000f9080000,0x00000000fa200000)
 ParOldGen       total 104960K, used 22855K [0x00000000c0000000, 0x00000000c6680000, 0x00000000eab00000)
  object space 104960K, 21% used [0x00000000c0000000,0x00000000c1651eb8,0x00000000c6680000)
 Metaspace       used 34651K, capacity 35248K, committed 35416K, reserved 1079296K
  class space    used 4947K, capacity 5132K, committed 5248K, reserved 1048576K
}

Deoptimization events (10 events):
Event: 867.513 Thread 0x0000000018ca0800 Uncommon trap: reason=unstable_if action=reinterpret pc=0x00000000033f8d18 method=java.net.URI.match(CJJ)Z @ 45
Event: 867.563 Thread 0x0000000018ca0800 Uncommon trap: reason=class_check action=maybe_recompile pc=0x00000000036b8db0 method=java.util.concurrent.ConcurrentHashMap.putVal(Ljava/lang/Object;Ljava/lang/Object;Z)Ljava/lang/Object; @ 192
Event: 867.568 Thread 0x0000000018ca0800 Uncommon trap: reason=class_check action=maybe_recompile pc=0x00000000036b8db0 method=java.util.concurrent.ConcurrentHashMap.putVal(Ljava/lang/Object;Ljava/lang/Object;Z)Ljava/lang/Object; @ 192
Event: 867.620 Thread 0x0000000018ca0800 Uncommon trap: reason=class_check action=maybe_recompile pc=0x0000000003ab31e8 method=com.google.common.collect.ImmutableList$1.get(I)Ljava/lang/Object; @ 5
Event: 867.621 Thread 0x0000000018ca0800 Uncommon trap: reason=class_check action=maybe_recompile pc=0x0000000003ab31e8 method=com.google.common.collect.ImmutableList$1.get(I)Ljava/lang/Object; @ 5
Event: 867.694 Thread 0x0000000018ca0800 Uncommon trap: reason=unstable_if action=reinterpret pc=0x0000000003286760 method=java.net.URI.match(CJJ)Z @ 45
Event: 867.853 Thread 0x0000000018ca0800 Uncommon trap: reason=unstable_if action=reinterpret pc=0x00000000038843dc method=java.lang.ClassLoader.checkCerts(Ljava/lang/String;Ljava/security/CodeSource;)V @ 29
Event: 867.856 Thread 0x0000000018ca0800 Uncommon trap: reason=class_check action=maybe_recompile pc=0x0000000003a6f13c method=com.google.common.collect.AbstractMapBasedMultimap$WrappedCollection.refreshIfEmpty()V @ 59
Event: 867.856 Thread 0x0000000018ca0800 Uncommon trap: reason=class_check action=maybe_recompile pc=0x0000000003b9f698 method=com.google.common.collect.AbstractMapBasedMultimap$WrappedCollection.refreshIfEmpty()V @ 59
Event: 867.877 Thread 0x0000000018caa800 Uncommon trap: reason=bimorphic action=maybe_recompile pc=0x0000000003722f58 method=org.gradle.internal.event.ListenerBroadcast.dispatch(Lorg/gradle/internal/dispatch/MethodInvocation;)V @ 5

Classes redefined (0 events):
No events

Internal exceptions (10 events):
Event: 867.329 Thread 0x0000000018ca0800 Exception <a 'java/lang/NoSuchMethodError': <clinit>> (0x00000000ef725a50) thrown at [C:\re\workspace\8-2-build-windows-amd64-cygwin\jdk8u202\12323\hotspot\src\share\vm\prims\jni.cpp, line 1614]
Event: 867.329 Thread 0x0000000018ca0800 Exception <a 'java/lang/NoSuchMethodError': <clinit>> (0x00000000ef731320) thrown at [C:\re\workspace\8-2-build-windows-amd64-cygwin\jdk8u202\12323\hotspot\src\share\vm\prims\jni.cpp, line 1614]
Event: 867.329 Thread 0x0000000018ca0800 Exception <a 'java/lang/NoSuchMethodError': <clinit>> (0x00000000ef73b190) thrown at [C:\re\workspace\8-2-build-windows-amd64-cygwin\jdk8u202\12323\hotspot\src\share\vm\prims\jni.cpp, line 1614]
Event: 867.625 Thread 0x0000000018ca0800 Exception <a 'java/lang/NoSuchMethodError': <clinit>> (0x00000000ec16bb58) thrown at [C:\re\workspace\8-2-build-windows-amd64-cygwin\jdk8u202\12323\hotspot\src\share\vm\prims\jni.cpp, line 1614]
Event: 867.626 Thread 0x0000000018ca0800 Exception <a 'java/lang/NoSuchMethodError': <clinit>> (0x00000000ec186328) thrown at [C:\re\workspace\8-2-build-windows-amd64-cygwin\jdk8u202\12323\hotspot\src\share\vm\prims\jni.cpp, line 1614]
Event: 867.626 Thread 0x0000000018ca0800 Exception <a 'java/lang/NoSuchMethodError': <clinit>> (0x00000000ec187bd8) thrown at [C:\re\workspace\8-2-build-windows-amd64-cygwin\jdk8u202\12323\hotspot\src\share\vm\prims\jni.cpp, line 1614]
Event: 867.626 Thread 0x0000000018ca0800 Exception <a 'java/lang/NoSuchMethodError': <clinit>> (0x00000000ec1894d8) thrown at [C:\re\workspace\8-2-build-windows-amd64-cygwin\jdk8u202\12323\hotspot\src\share\vm\prims\jni.cpp, line 1614]
Event: 867.845 Thread 0x0000000018ca0800 Exception <a 'java/lang/ClassNotFoundException': org/gradle/api/internal/file/UnionFileCollectionBeanInfo> (0x00000000ec6a5f10) thrown at [C:\re\workspace\8-2-build-windows-amd64-cygwin\jdk8u202\12323\hotspot\src\share\vm\classfile\systemDictionary.cpp, l
Event: 867.845 Thread 0x0000000018ca0800 Exception <a 'java/lang/ClassNotFoundException': org/gradle/api/internal/file/UnionFileCollectionCustomizer> (0x00000000ec6b6720) thrown at [C:\re\workspace\8-2-build-windows-amd64-cygwin\jdk8u202\12323\hotspot\src\share\vm\classfile\systemDictionary.cpp,
Event: 867.853 Thread 0x0000000018ca0800 Implicit null exception at 0x0000000003882be7 to 0x00000000038843cd

Events (10 events):
Event: 927.861 Thread 0x0000000018ca5000 Thread exited: 0x0000000018ca5000
Event: 927.861 Thread 0x0000000018ca3800 Thread exited: 0x0000000018ca3800
Event: 927.861 Executing VM operation: RevokeBias
Event: 927.861 Executing VM operation: RevokeBias done
Event: 927.861 Thread 0x0000000018c9d800 Thread exited: 0x0000000018c9d800
Event: 927.861 Executing VM operation: BulkRevokeBias
Event: 927.861 Executing VM operation: BulkRevokeBias done
Event: 927.861 Thread 0x0000000018ca1800 Thread exited: 0x0000000018ca1800
Event: 927.862 Thread 0x0000000018ca6000 Thread exited: 0x0000000018ca6000
Event: 927.862 Thread 0x0000000018c9e800 Thread exited: 0x0000000018c9e800


Dynamic libraries:
0x00007ff6e0600000 - 0x00007ff6e0637000 	D:\program files\Java\java-1.8\bin\java.exe
0x00007ffc64f50000 - 0x00007ffc65145000 	C:\WINDOWS\SYSTEM32\ntdll.dll
0x00007ffc64330000 - 0x00007ffc643ed000 	C:\WINDOWS\System32\KERNEL32.DLL
0x00007ffc62ce0000 - 0x00007ffc62fa8000 	C:\WINDOWS\System32\KERNELBASE.dll
0x00007ffc64950000 - 0x00007ffc649fc000 	C:\WINDOWS\System32\ADVAPI32.dll
0x00007ffc634b0000 - 0x00007ffc6354e000 	C:\WINDOWS\System32\msvcrt.dll
0x00007ffc644f0000 - 0x00007ffc6458b000 	C:\WINDOWS\System32\sechost.dll
0x00007ffc64590000 - 0x00007ffc646bb000 	C:\WINDOWS\System32\RPCRT4.dll
0x00007ffc63190000 - 0x00007ffc63330000 	C:\WINDOWS\System32\USER32.dll
0x00007ffc62b10000 - 0x00007ffc62b32000 	C:\WINDOWS\System32\win32u.dll
0x00007ffc633c0000 - 0x00007ffc633ea000 	C:\WINDOWS\System32\GDI32.dll
0x00007ffc62a00000 - 0x00007ffc62b0b000 	C:\WINDOWS\System32\gdi32full.dll
0x00007ffc62bf0000 - 0x00007ffc62c8d000 	C:\WINDOWS\System32\msvcp_win.dll
0x00007ffc628a0000 - 0x00007ffc629a0000 	C:\WINDOWS\System32\ucrtbase.dll
0x00007ffc47dd0000 - 0x00007ffc4806a000 	C:\WINDOWS\WinSxS\amd64_microsoft.windows.common-controls_6595b64144ccf1df_6.0.19041.844_none_ca00b6081b84eb1d\COMCTL32.dll
0x00007ffc64a00000 - 0x00007ffc64a30000 	C:\WINDOWS\System32\IMM32.DLL
0x000000006f3a0000 - 0x000000006f472000 	D:\program files\Java\java-1.8\jre\bin\msvcr100.dll
0x000000006c880000 - 0x000000006d125000 	D:\program files\Java\java-1.8\jre\bin\server\jvm.dll
0x00007ffc633b0000 - 0x00007ffc633b8000 	C:\WINDOWS\System32\PSAPI.DLL
0x00007ffc5e210000 - 0x00007ffc5e219000 	C:\WINDOWS\SYSTEM32\WSOCK32.dll
0x00007ffc64ea0000 - 0x00007ffc64f0b000 	C:\WINDOWS\System32\WS2_32.dll
0x00007ffc58ee0000 - 0x00007ffc58f07000 	C:\WINDOWS\SYSTEM32\WINMM.dll
0x00007ffc57800000 - 0x00007ffc5780a000 	C:\WINDOWS\SYSTEM32\VERSION.dll
0x00007ffc5e270000 - 0x00007ffc5e27f000 	D:\program files\Java\java-1.8\jre\bin\verify.dll
0x00007ffc5d0b0000 - 0x00007ffc5d0d9000 	D:\program files\Java\java-1.8\jre\bin\java.dll
0x00007ffc5cea0000 - 0x00007ffc5ceb6000 	D:\program files\Java\java-1.8\jre\bin\zip.dll
0x00007ffc63670000 - 0x00007ffc63db2000 	C:\WINDOWS\System32\SHELL32.dll
0x00007ffc607e0000 - 0x00007ffc60f70000 	C:\WINDOWS\SYSTEM32\windows.storage.dll
0x00007ffc63fd0000 - 0x00007ffc64325000 	C:\WINDOWS\System32\combase.dll
0x00007ffc62100000 - 0x00007ffc6212c000 	C:\WINDOWS\SYSTEM32\Wldp.dll
0x00007ffc63080000 - 0x00007ffc6312e000 	C:\WINDOWS\System32\SHCORE.dll
0x00007ffc63f70000 - 0x00007ffc63fc5000 	C:\WINDOWS\System32\shlwapi.dll
0x00007ffc625d0000 - 0x00007ffc625ef000 	C:\WINDOWS\SYSTEM32\profapi.dll
0x00007ffc42160000 - 0x00007ffc4217a000 	D:\program files\Java\java-1.8\jre\bin\net.dll
0x00007ffc53760000 - 0x00007ffc5394e000 	C:\WINDOWS\SYSTEM32\urlmon.dll
0x00007ffc534b0000 - 0x00007ffc53760000 	C:\WINDOWS\SYSTEM32\iertutil.dll
0x00007ffc61e70000 - 0x00007ffc61eda000 	C:\WINDOWS\system32\mswsock.dll
0x00007ffc3e0d0000 - 0x00007ffc3e0e2000 	D:\program files\Java\java-1.8\jre\bin\nio.dll
0x00007ffc5ce80000 - 0x00007ffc5ce9e000 	D:\program files\gradle-6.7\bin\native\25\windows-amd64\native-platform.dll
0x00007ffc62040000 - 0x00007ffc62058000 	C:\WINDOWS\SYSTEM32\CRYPTSP.dll
0x00007ffc617a0000 - 0x00007ffc617d4000 	C:\WINDOWS\system32\rsaenh.dll
0x00007ffc62690000 - 0x00007ffc626b7000 	C:\WINDOWS\System32\bcrypt.dll
0x00007ffc62550000 - 0x00007ffc6257e000 	C:\WINDOWS\SYSTEM32\USERENV.dll
0x00007ffc62820000 - 0x00007ffc628a0000 	C:\WINDOWS\System32\bcryptprimitives.dll
0x00007ffc62060000 - 0x00007ffc6206c000 	C:\WINDOWS\SYSTEM32\CRYPTBASE.dll
0x00007ffc61b10000 - 0x00007ffc61b4b000 	C:\WINDOWS\SYSTEM32\IPHLPAPI.DLL
0x00007ffc644e0000 - 0x00007ffc644e8000 	C:\WINDOWS\System32\NSI.dll
0x00007ffc59c50000 - 0x00007ffc59c67000 	C:\WINDOWS\SYSTEM32\dhcpcsvc6.DLL
0x00007ffc59e10000 - 0x00007ffc59e2d000 	C:\WINDOWS\SYSTEM32\dhcpcsvc.DLL
0x00007ffc61b50000 - 0x00007ffc61c1c000 	C:\WINDOWS\SYSTEM32\DNSAPI.dll
0x00007ffc527f0000 - 0x00007ffc527fd000 	D:\program files\Java\java-1.8\jre\bin\management.dll

VM Arguments:
jvm_args: -XX:MaxPermSize=256m -XX:+HeapDumpOnOutOfMemoryError -Xmx1024m -Dfile.encoding=GBK -Duser.country=CN -Duser.language=zh -Duser.variant 
java_command: org.gradle.launcher.daemon.bootstrap.GradleDaemon 4.0.1
java_class_path (initial): D:\program files\gradle-4.0.1\lib\gradle-launcher-4.0.1.jar
Launcher Type: SUN_STANDARD

Environment Variables:
JAVA_HOME=D:\program files\Java\java-1.8
CLASSPATH=.;D:\program files\Java\java-1.8\bin;D:\program files\Java\java-1.8\lib;D:\program files\Java\java-1.8\lib\dt.jar;D:\program files\Java\java-1.8\lib\toors.jar;
PATH=D:\program files\Java\java-1.8\bin;D:\program files\Java\java-1.8\jre\bin;C:\Program Files (x86)\Common Files\Oracle\Java\javapath;C:\Users\玫碌禄陋\AppData\Local\Programs\Python\Python37;C:;Users\玫碌禄陋\AppData\Local\Programs\Python\Python37\Scripts;%S;stemRoot%\system32;C:\WINDOWS;C:\WINDOWS\System32\Wbem;C:\WINDOWS\System32\WindowsPowerShell\v1.0\;C:\WINDOWS\System32\OpenSSH\;D:\ffmpeg\bin;D:\program files\Java\apache-maven-3.1.0\bin;D:\program files\gradle-4.0.1\bin;C:\Program Files (x86)\Microsoft SQL Server\100\Tools\Binn\;C:\Program Files\Microsoft SQL Server\100\Tools\Binn\;C:\Program Files\Microsoft SQL Server\100\DTS\Binn\;C:\Program Files (x86)\Microsoft SQL Server\100\Tools\Binn\VSShell\Common7\IDE\;C:\Program Files (x86)\Microsoft Visual Studio 9.0\Common7\IDE\PrivateAssemblies\;C:\Program Files (x86)\Microsoft SQL Server\100\DTS\Binn\;D:\program files\Git\cmd;D:\Program Files\Polyspace\R2021a\runtime\win64;D:\Program Files\Polyspace\R2021a\bin;D:\Program Files\Polyspace\R2021a\polyspace\bin;C:\WINDOWS\system32;D:\software resource\texlive\2021\bin\win32;C:\Users\刘德华\AppData\Local\Programs\Python\Python37;C:\Users\刘德华\AppData\Local\Programs\Python\Python37\Scripts;C:\sqlite\sqlite-tools-win32-x86-3280000;C:\Program Files\MySQL\MySQL Server 8.0\bin;C:\Users\刘德华\AppData\Local\Programs\Microsoft VS Code\bin;C:\Users\刘德华\AppData\Local\Microsoft\WindowsApps;D:\software resource\texlive\2021\bin\win32;
USERNAME=刘德华
OS=Windows_NT
PROCESSOR_IDENTIFIER=Intel64 Family 6 Model 158 Stepping 10, GenuineIntel



---------------  S Y S T E M  ---------------

OS: Windows 10.0 , 64 bit Build 19041 (10.0.19041.928)

CPU:total 8 (initial active 8) (4 cores per cpu, 2 threads per core) family 6 model 158 stepping 10, cmov, cx8, fxsr, mmx, sse, sse2, sse3, ssse3, sse4.1, sse4.2, popcnt, avx, avx2, aes, clmul, erms, 3dnowpref, lzcnt, ht, tsc, tscinvbit, bmi1, bmi2, adx

Memory: 4k page, physical 16582324k(2783064k free), swap 29689520k(0k free)

vm_info: Java HotSpot(TM) 64-Bit Server VM (25.202-b08) for windows-amd64 JRE (1.8.0_202-b08), built on Dec 15 2018 19:54:30 by "java_re" with MS VC++ 10.0 (VS2010)

time: Sat Jun 05 22:37:38 2021
timezone: 中国标准时间
elapsed time: 1357 seconds (0d 0h 22m 37s)

